[ldnl.construction/index.html]
[backblue.gif]
[fade.gif]
[index.html]
[ldnl.construction/peconstructiony.webflow.cef2a597f.css]
[ldnl.construction/orgchart.css]
[ajax.googleapis.com/ajax/libs/webfont/1.6.26/webfont.js]
[assets.website-files.com/62849b600f97da595f555ab5/6290bf8dffb84e91e804ba21_Favicon Green.png]
[assets.website-files.com/img/webclip.png]
[ldnl.construction/cropped-Lagan-DOTT-Namanve-Limited-Logo-1.-psd.png]
[assets.website-files.com/62849b600f97da595f555ab5/62849b600f97da9768555b15_x_icon.png]
[ldnl.construction/construction.html]
[ldnl.construction/feasibility.html]
[ldnl.construction/hsse.html]
[ldnl.construction/quality.html]
[ldnl.construction/contact.html]
[ldnl.construction/a.jpg]
[ldnl.construction/WhatsApp Image 2022-01-25 at 5.21.27 PM (1).jpg]
[ldnl.construction/G-30 mixing at N-1 road 0+440 to 0+700FW ...jpg]
[assets.website-files.com/62849b600f97da595f555ab5/62849b600f97da7c01555b4b_Background-2 (1).png]
[ldnl.construction/projects/new-case.html]
[ldnl.construction/FDT for G7 top from 1+120 to 1+240 fw at C-9.jpg]
[ldnl.construction/N1 CH 0+220 - 0+560 FW G7 Fill processing.jpg]
[ldnl.construction/N2 road 0+260-0360fw g7 1st layer.jpg]
[ldnl.construction/Preparation of G-30 top layer at N-2 0+000 to 0+360 FW COMPLETED.jpg]
[ldnl.construction/Preparation of G15 Layer A-2 ROAD CH 0+880 - 1+120 FW at 11.59.17 AM.jpg]
[ldnl.construction/Shaping and compaction of Gravel Fills First layer CH 0+060 - 0+200 LHS ....jpg]
[ldnl.construction/LaganDott/pics/20220804_120332161.jpg]
[ldnl.construction/LaganDott/pics/20220804_150419126.jpg]
[ldnl.construction/LaganDott/pics/20220804_124120620.jpg]
[ldnl.construction/LaganDott/pics/20220804_124354180.jpg]
[ldnl.construction/LaganDott/pics/20220804_114232057.jpg]
[ldnl.construction/01.jpg]
[ldnl.construction/LaganDott/pics/20220804_111159056.jpg]
[ldnl.construction/LaganDott/pics/20220817_153622.jpg]
[ldnl.construction/pexels-david-mcbee-392031.jpg]
[ldnl.construction/Drone Footage 7.webm]
[ldnl.construction/Our Team/Andrew.jpg]
[ldnl.construction/Our Team/Tony (2).jpg]
[ldnl.construction/Our Team/Prathap.jpg]
[ldnl.construction/Adrian.jpg]
[ldnl.construction/RAM.jpg]
[ldnl.construction/Our Team/Subhendu.jpg]
[ldnl.construction/Our Team/John.jpg]
[ldnl.construction/Our Team/Farida.jpg]
[ldnl.construction/drive-download-20220924T065126Z-001/Mario.jpg]
[ldnl.construction/Ajay.jpg]
[ldnl.construction/Our Team/Leslie.jpg]
[ldnl.construction/Our Team/Phillip.jpg]
[ldnl.construction/Our Team/Mark.jpg]
[ldnl.construction/Our Team/Richard.jpg]
[ldnl.construction/Company Organizational Chart WEB2.jpg]
[ldnl.construction/home-1.html]
[ldnl.construction/cdn-cgi/scripts/5c5dd728/cloudflare-static/email-decode.min.js]
[d3e54v103j8qbb.cloudfront.net/js/jquery-3.5.1.min.dc5e7f18c89062.js]
[ldnl.construction/index.html]
[ldnl.construction/peconstructiony.webflow.cef2a597f.css]
[ldnl.construction/orgchart.css]
[ldnl.construction/webflow.8383d9046.js]
[ldnl.construction/b.jpg]
[ldnl.construction/d.jpg]
[ldnl.construction/c.jpg]
[ldnl.construction/e.jpg]
[ldnl.construction/construction.html]
[ldnl.construction/j (2).png]
[ldnl.construction/feasibility.html]
[ldnl.construction/be.jpg]
[ldnl.construction/h.jpg]
[ldnl.construction/i.jpg]
[ldnl.construction/docs/1. ESIA Volume I Non Technical Summary KIBP.pdf]
[ldnl.construction/docs/2. ESIA Volume II ESIA KIBP.pdf]
[ldnl.construction/docs/3. ESIA Volume III Appendices KIBP.pdf]
[ldnl.construction/docs/4. ESIA Volume IV Specialist Studies KIBP.pdf]
[ldnl.construction/hsse.html]
[ldnl.construction/a (2).jpg]
[ldnl.construction/Aa.jpg]
[ldnl.construction/quality.html]
[ldnl.construction/contact.html]
[ldnl.construction/cdn-cgi/l/email-protection.html]
[ldnl.construction/index-2.html]
[ldnl.construction/home-2.html]
[ldnl.construction/home-3.html]
[ldnl.construction/our-services.html]
[ldnl.construction/services/accurate-measurements.html]
[ldnl.construction/career.html]
[ldnl.construction/job-positions/painter-and-designer.html]
[ldnl.construction/faq.html]
[ldnl.construction/projects-1.html]
[ldnl.construction/projects-2.html]
[ldnl.construction/services/constant-maintenance.html]
[ldnl.construction/blog-grid.html]
[ldnl.construction/blog-classic.html]
[ldnl.construction/blog-sidebar.html]
[ldnl.construction/blog-posts/webflow-website-audit-by-a-website-maintenance-company.html]
[assets.website-files.com/62849b600f97dabe10555ae2/628e0d6645c0363e25c50426_joel-filipe-RFDP7_80v5A-unsplash (1) (1) (1).jpg]
[ldnl.construction/projects-categories/minimalism.html]
[assets.website-files.com/62849b600f97dabe10555ae2/62849b600f97da3358555bee_Image 4 (1).jpg]
[assets.website-files.com/62849b600f97dabe10555ae2/628e44fbc5421e3b6b3b34c5_City BG 3 (1) (1) (1).jpg]
[assets.website-files.com/62849b600f97dabe10555ae2/628e41b351b1fdb7654b945d_City BG 1 (1) (1) (1).jpg]
[assets.website-files.com/62849b600f97dabe10555ae2/628e46113a11a176a0246f8e_City BG 5 (1) (1) (1).jpg]
[assets.website-files.com/62849b600f97dabe10555ae2/628e41b426db5913ebed7cba_City BG 2 (1) (1) (1).jpg]
[ldnl.construction/projects/the-orange.html]
[ldnl.construction/projects/glass-city.html]
[ldnl.construction/projects/new-case.html]
[ldnl.construction/home-1.html]
[ldnl.construction/cdn-cgi/l/email-protection.html]
[ldnl.construction/index-2.html]
[ldnl.construction/templates/licensing.html]
[assets.website-files.com/62849b600f97da595f555ab5/62907fadf173b71e590b925d_Peconst png.png]
[assets.website-files.com/62849b600f97da595f555ab5/62849b600f97daa3c0555b67_iconfinder_1.png]
[assets.website-files.com/62849b600f97da595f555ab5/62849b600f97da23d2555b6c_iconfinder_2.png]
[assets.website-files.com/62849b600f97da595f555ab5/62849b600f97da5f13555b6d_metal-1.png]
[assets.website-files.com/62849b600f97da595f555ab5/62849b600f97dae8df555b74_Chris_Hemsworth_Signature.png]
[assets.website-files.com/62849b600f97da595f555ab5/62849b600f97da5b09555b43_location.png]
[assets.website-files.com/62849b600f97da595f555ab5/62849b600f97da5ee1555b45_iconfinder.png]
[assets.website-files.com/62849b600f97da595f555ab5/62849b600f97da3d9e555b44_iconfinder_calculation_.png]
[assets.website-files.com/62849b600f97da595f555ab5/62849b600f97da4722555b76_1-1.png]
[assets.website-files.com/62849b600f97da595f555ab5/62849b600f97dae29f555b77_6.png]
[assets.website-files.com/62849b600f97da595f555ab5/62849b600f97da40e5555b75_5.png]
[ldnl.construction/blog-posts/marching-towards-a-green-future.html]
[assets.website-files.com/62849b600f97dabe10555ae2/62849b600f97dad83e555be5_Blog 6 (1).jpg]
[assets.website-files.com/62849b600f97dabe10555ae2/62849b600f97da29d1555bed_Logo.jpg]
[ldnl.construction/blog-posts/importance-of-the-mechanics-lien.html]
[assets.website-files.com/62849b600f97dabe10555ae2/62849b600f97da272e555be2_Blog 3 (1).jpg]
[assets.website-files.com/62849b600f97dabe10555ae2/62849b600f97da701c555bdb_Blog 2 (1).jpg]
[ldnl.construction/home-2.html]
[assets.website-files.com/62849b600f97da595f555ab5/62849b600f97da4c91555b99_icon-3.png]
[assets.website-files.com/62849b600f97da595f555ab5/62849b600f97da0107555b9a_icon-4.png]
[assets.website-files.com/62849b600f97da595f555ab5/62849b600f97da982c555b9b_icon-2.png]
[assets.website-files.com/62849b600f97da595f555ab5/62849b600f97da080e555ba0_logo3-1.png]
[assets.website-files.com/62849b600f97da595f555ab5/62849b600f97da68bd555b9f_client1.png]
[assets.website-files.com/62849b600f97da595f555ab5/62849b600f97da92ac555b9e_logo2-1.png]
[assets.website-files.com/62849b600f97da595f555ab5/62849b600f97da208f555b9d_client2.png]
[assets.website-files.com/62849b600f97da595f555ab5/62849b600f97daf30c555b9c_logo1-1.png]
[ldnl.construction/blog-posts/sustainable-energy-production.html]
[assets.website-files.com/62849b600f97dabe10555ae2/62849b600f97da2668555beb_Blog 5 (1).jpg]
[ldnl.construction/blog-posts/paper-board-mill-hosur20.html]
[assets.website-files.com/62849b600f97dabe10555ae2/62849b600f97da35cb555be8_Blog 1 (1).jpg]
[ldnl.construction/blog-posts/things-you-can-do-to-refresh.html]
[assets.website-files.com/62849b600f97dabe10555ae2/62849b600f97da13a1555be6_Blog 4 (1).jpg]
[ldnl.construction/home-3.html]
[ldnl.construction/about-us-1.html]
[ldnl.construction/about-us-2.html]
[assets.website-files.com/62849b600f97dabe10555ae2/628cd427599859e9f4755a41_male-builder-uniform-jeans-gloves-holding-helmet-his-hand-front-view (1) (1).jpg]
[assets.website-files.com/62849b600f97dabe10555ae2/628cd5c0d99fbd9cc079f858_young-business-woman-wearing-hard-hat-building-object (1) (2) (1).jpg]
[assets.website-files.com/62849b600f97dabe10555ae2/628cd6a44016e295b9cc605f_engineer-meeting-architectural-project-working-with-partner (1) (1).jpg]
[assets.website-files.com/62849b600f97da595f555ab5/628cddf449876348350189a1_begin.png]
[assets.website-files.com/62849b600f97da595f555ab5/628cde19700a0c39431904f8_future.png]
[assets.website-files.com/62849b600f97da595f555ab5/628cde18daf908f03a3544dd_leader.png]
[assets.website-files.com/62849b600f97da595f555ab5/628b6072ddb8112823bf4278_mobile-engineers (1) (1).jpg]
[assets.website-files.com/62849b600f97da595f555ab5/628b9f07477fd215758e523e_four-team-members-expressing-togetherness (1) (1) (1) (1).jpg]
[assets.website-files.com/62849b600f97da595f555ab5/628b894f0326353da6c76ab6_Home 2 Green (1) (1) (1) (1).jpg]
[ldnl.construction/our-services.html]
[assets.website-files.com/62849b600f97dabe10555ae2/628ce6964704cec4763dd143_engineer-meeting-architectural-project-working-with-partner (1).jpg]
[ldnl.construction/services/accurate-measurements.html]
[assets.website-files.com/62849b600f97da595f555ab5/62849b600f97da605b555b5c_client-04.png]
[assets.website-files.com/62849b600f97da595f555ab5/62849b600f97da3ffd555b5e_client-05.png]
[assets.website-files.com/62849b600f97da595f555ab5/62849b600f97da33f0555b5d_client-06.png]
[assets.website-files.com/62849b600f97da595f555ab5/62849b600f97da2c53555b59_client-01.png]
[assets.website-files.com/62849b600f97da595f555ab5/62849b600f97da886a555b5a_client-02.png]
[assets.website-files.com/62849b600f97da595f555ab5/62849b600f97dadb49555b5b_client-03.png]
[ldnl.construction/career.html]
[ldnl.construction/job-positions/painter-and-designer.html]
[ldnl.construction/our-team.html]
[ldnl.construction/our-clients.html]
[ldnl.construction/testimonials.html]
[ldnl.construction/contact-us-2.html]
[ldnl.construction/contact-us-3.html]
[ldnl.construction/faq.html]
[assets.website-files.com/62849b600f97dabe10555ae2/628e0d5ddb3e445d93b013ec_joel-filipe-RFDP7_80v5A-unsplash (1) (2) (1).jpg]
[assets.website-files.com/62849b600f97dabe10555ae2/62849b600f97daa0da555bd8_Home 44 (1).jpg]
[ldnl.construction/projects/moovit-tower.html]
[assets.website-files.com/62849b600f97dabe10555ae2/62849b600f97da41fb555bd7_Home 22 (1).jpg]
[ldnl.construction/projects-categories/constructivism.html]
[ldnl.construction/projects/riga-bridge.html]
[assets.website-files.com/62849b600f97dabe10555ae2/62849b600f97da7f8d555bda_Home 55 (1).jpg]
[ldnl.construction/projects/sky-center.html]
[assets.website-files.com/62849b600f97dabe10555ae2/62849b600f97da2e0d555bd6_Home 1 (1).jpg]
[ldnl.construction/projects-categories/modern.html]
[assets.website-files.com/62849b600f97dabe10555ae2/62849b600f97da41f6555bbd_Home 33 (1).jpg]
[ldnl.construction/projects-1.html]
[assets.website-files.com/62849b600f97dabe10555ae2/62849b600f97da1cb4555bef_Image 2 (1).jpg]
[assets.website-files.com/62849b600f97dabe10555ae2/62849b600f97da9322555bf0_Image 5 (1) (1) (1).jpg]
[assets.website-files.com/62849b600f97dabe10555ae2/62849b600f97da6a32555bf1_Image1  (1).jpg]
[assets.website-files.com/62849b600f97dabe10555ae2/62849b600f97da7dd9555bf2_Image 3 (1) (1) (1).jpg]
[ldnl.construction/projects-2.html]
[ldnl.construction/coming-soon.html]
[ldnl.construction/our-process.html]
[ldnl.construction/404.html]
[ldnl.construction/services/project-planning.html]
[ldnl.construction/services/constant-maintenance.html]
[ldnl.construction/blog-grid.html]
[ldnl.construction/blog-classic.html]
[ldnl.construction/blog-sidebar.html]
[assets.website-files.com/62849b600f97dabe10555ae2/628df04bdb3e44b38baf12cf_Detailed Blog 5 (1) (1).jpg]
[assets.website-files.com/62849b600f97dabe10555ae2/628defe3f2223ab74d3d436c_Detailed Blog 1 (1) (1).jpg]
[assets.website-files.com/62849b600f97dabe10555ae2/628df06e1173d221beed05f0_Detailed Blog 3 (1) (1).jpg]
[assets.website-files.com/62849b600f97dabe10555ae2/628df07c2358584c7d81e436_Detailed Blog 4 (1) (1).jpg]
[assets.website-files.com/62849b600f97dabe10555ae2/628df08e60cc1b4f7a51da86_Detailed Blog 2 (1) (1).jpg]
[assets.website-files.com/62849b600f97da595f555ab5/62849b600f97da39df555b2e_Blog-template-pagination-icon.png]
[ldnl.construction/blog-posts/webflow-website-audit-by-a-website-maintenance-company.html]
[ldnl.construction/projects-categories/minimalism.html]
[assets.website-files.com/62849b600f97dabe10555ae2/628e3fef182402e828db9b7a_joel-filipe-RFDP7_80v5A-unsplash (1) (1).jpg]
[assets.website-files.com/62849b600f97dabe10555ae2/628e41b3c4256258335347c2_City 4 (1) (1).jpg]
[assets.website-files.com/62849b600f97dabe10555ae2/628e41b4c8ea42bef909aea4_City 5 (1) (1).jpg]
[ldnl.construction/projects/the-orange.html]
[ldnl.construction/projects/glass-city.html]
[assets.website-files.com/62849b600f97da595f555ab5/628606f6f6acc3d5b5980e8c_Gallery 1 (2) (1) (1).jpg]
[assets.website-files.com/62849b600f97da595f555ab5/628606fc554a15c9861f4841_Gallery 2 (2) (1) (1).jpg]
[assets.website-files.com/62849b600f97da595f555ab5/62849b600f97da2f39555b4c_BG New (1).jpg]
[assets.website-files.com/62849b600f97da595f555ab5/62849b600f97da60cd555b50_Gallery 4 (1).jpg]
[assets.website-files.com/62849b600f97da595f555ab5/62849b600f97da24f6555b51_Gallery 3 (1).jpg]
[assets.website-files.com/62849b600f97da595f555ab5/62849b600f97da92ea555b58_Gallery 5 (1).jpg]
[assets.website-files.com/62849b600f97da595f555ab5/62849b600f97daa6b4555b70_Metal (2) (1) (1).jpg]
[assets.website-files.com/62849b600f97da595f555ab5/62849b600f97da14ec555b72_jeremy (1).jpg]
[assets.website-files.com/62849b600f97da595f555ab5/62863972bb7dd85b882ecce1_Banner Home 3 (2) (1) (1).jpg]
[assets.website-files.com/62849b600f97da595f555ab5/62863d8b7d209e6482b942f8_Testemonials Green (1) (2).jpg]
[assets.website-files.com/62849b600f97da595f555ab5/628f3791a9e10823a9037064_Detailed Blog 2 (1) (1) (1).jpg]
[assets.website-files.com/62849b600f97da595f555ab5/628f37908f04ca5acdd0a42f_Detailed Blog 4 (1) (1) (1) (1).jpg]
[assets.website-files.com/62849b600f97da595f555ab5/628f37905d0e7d57daa72422_Detailed Blog 5 (1) (1) (1) (1).jpg]
[assets.website-files.com/62849b600f97da595f555ab5/628f378ff2037f3be15f95af_Detailed Blog 3 (1) (1) (1).jpg]
[assets.website-files.com/62849b600f97da595f555ab5/62849b600f97da69c6555b48_Photo 2 (1).jpg]
[assets.website-files.com/62849b600f97da595f555ab5/62849b600f97da763f555b4a_Photoo 1 (1).jpg]
[assets.website-files.com/62849b600f97da595f555ab5/62849b600f97da535c555b52_Gallery 6 (1).jpg]
[assets.website-files.com/62849b600f97da595f555ab5/62849b600f97da89f1555b5f_Team 1 (1).jpg]
[assets.website-files.com/62849b600f97da595f555ab5/62849b600f97da0f5c555b60_Team 2 (1).jpg]
[assets.website-files.com/62849b600f97da595f555ab5/62849b600f97da1159555b62_Team 3 (1).jpg]
[assets.website-files.com/62849b600f97da595f555ab5/628f3791f50c2671eb9adf60_Detailed Blog 6 (1) (1) (1) (1).jpg]
[assets.website-files.com/62849b600f97da595f555ab5/62849b600f97dabd59555b78_back-view-man (1).jpg]
[assets.website-files.com/62849b600f97da595f555ab5/62849b600f97daa659555b73_woman-men (1).jpg]
[assets.website-files.com/62849b600f97da595f555ab5/62849b600f97da1379555b79_smiley-architect (1).jpg]
[assets.website-files.com/62849b600f97da595f555ab5/62849b600f97da97f7555b7f_Offer (1).jpg]
[assets.website-files.com/62849b600f97da595f555ab5/62849b600f97da7f96555b7a_FAQ Bg (1).jpg]
[assets.website-files.com/62849b600f97da595f555ab5/6287b764608281580b652dda_pretty-woman (2).jpg]
[assets.website-files.com/62849b600f97da595f555ab5/6287b61824e525023f3100be_happy-female (1) (1).jpg]
[assets.website-files.com/62849b600f97da595f555ab5/628b5dfbbedd6375c442b051_handsome-business-man-engineer-hard-hat-building (1) (1).jpg]
[assets.website-files.com/62849b600f97da595f555ab5/628ba41aee0e21358080f138_male-worker-factory (1) (1) (1) (1).jpg]
[assets.website-files.com/62849b600f97da595f555ab5/628b620c7c55b9a7117e91e7_architect-engineer-man-shows-plan-building-tv-screen (1) (1) (1).jpg]
[assets.website-files.com/62849b600f97da595f555ab5/628b614d298b8303a73d1cc8_young-architect-holding-blueprint-hamlet (1) (1).jpg]
[assets.website-files.com/62849b600f97da595f555ab5/628b5f3452b84cc8ef8679ee_construction-silhouette (1) (1).jpg]
[assets.website-files.com/62849b600f97da595f555ab5/628ca0b43ed95731ccd4a5f3_construction (1).jpg]
[assets.website-files.com/62849b600f97da595f555ab5/628c9eb3c0e304e5c2962f1b_man-working-printing-house-with-paper-paints (1) (1) (1) (1).jpg]
[assets.website-files.com/62849b600f97da595f555ab5/628c9d15a61a97868a7f31ed_young-business-woman-wearing-hard-hat-building-object (1) (1) (1) (1) (1).jpg]
[assets.website-files.com/62849b600f97da595f555ab5/628ba6b982e7e382c243c249_architect-helmet-holding-construction-plan (1) (1) (1).jpg]
[assets.website-files.com/62849b600f97da595f555ab5/628ba6234add9614c2648ab8_handsome-business-man-engineer-hard-hat-building (3) (1) (1) (1).jpg]
[assets.website-files.com/62849b600f97da595f555ab5/628ba598ec02e930a171b69d_business-woman-hard-hat-using-laptop (1) (1) (1) (1) (1).jpg]
[assets.website-files.com/62849b600f97da595f555ab5/628f3e176736c70702060cc6_male-builder-uniform-jeans-gloves-holding-helmet-his-hand-front-view (1) (1) (1) (1).jpg]
[assets.website-files.com/62849b600f97da595f555ab5/628f3e1ba439cdd38cb13f02_engineer-meeting-architectural-project-working-with-partner (1) (1) (1) (1).jpg]
[assets.website-files.com/62849b600f97da595f555ab5/628c9ddac43ce2476ee70216_male-worker-factory (2) (1) (1) (1) (1).jpg]
[ldnl.construction/templates/licensing.html]
[assets.website-files.com/62849b600f97dabe10555ae2/628df0015a4c39db51d4d207_Detailed Blog 6 (1) (1).jpg]
[ldnl.construction/blog-posts/marching-towards-a-green-future.html]
[ldnl.construction/blog-posts/importance-of-the-mechanics-lien.html]
[ldnl.construction/blog-posts/sustainable-energy-production.html]
[ldnl.construction/blog-posts/paper-board-mill-hosur20.html]
[ldnl.construction/blog-posts/things-you-can-do-to-refresh.html]
[ldnl.construction/job-positions/engineer.html]
[ldnl.construction/job-positions/worker.html]
[assets.website-files.com/62849b600f97dabe10555ae2/628e447abd4a9512746fd56b_City BG 4 (1) (1) (1).jpg]
[ldnl.construction/projects/moovit-tower.html]
[ldnl.construction/projects-categories/constructivism.html]
[ldnl.construction/projects/riga-bridge.html]
[ldnl.construction/projects/sky-center.html]
[ldnl.construction/projects-categories/modern.html]
[ldnl.construction/categories/factory.html]
[ldnl.construction/categories/planning.html]
[ldnl.construction/categories/residential.html]
[lagandott.com/wp-content/uploads/2019/07/cropped-Lagan-DOTT-Namanve-Limited-Logo-1.-psd.png]
